Oct 04, 2016 10:18:55 AM com.sebuilder.interpreter.SeInterpreter next
SEVERE: {"negated":false,"text":"${message}","type":"verifyTextPresent"} failed.
Oct 04, 2016 10:18:55 AM com.sebuilder.interpreter.SeInterpreter main
INFO: /Users/raghav/Desktop/Tools/SeleniumBuilder/SeBuilderDataDrivenTest/Test1.json failed
Oct 04, 2016 10:19:05 AM com.sebuilder.interpreter.SeInterpreter next
SEVERE: {"negated":false,"text":"${message}","type":"verifyTextPresent"} failed.
Oct 04, 2016 10:19:05 AM com.sebuilder.interpreter.SeInterpreter main
INFO: /Users/raghav/Desktop/Tools/SeleniumBuilder/SeBuilderDataDrivenTest/Test1.json failed
Oct 04, 2016 10:19:20 AM com.sebuilder.interpreter.SeInterpreter next
SEVERE: {"negated":false,"text":"${message}","type":"verifyTextPresent"} failed.
Oct 04, 2016 10:19:20 AM com.sebuilder.interpreter.SeInterpreter main
INFO: /Users/raghav/Desktop/Tools/SeleniumBuilder/SeBuilderDataDrivenTest/Test1.json failed
Oct 04, 2016 10:19:38 AM com.sebuilder.interpreter.SeInterpreter next
SEVERE: {"negated":false,"text":"${message}","type":"verifyTextPresent"} failed.
Oct 04, 2016 10:19:39 AM com.sebuilder.interpreter.SeInterpreter main
INFO: /Users/raghav/Desktop/Tools/SeleniumBuilder/SeBuilderDataDrivenTest/Test1.json failed
Oct 04, 2016 10:19:48 AM com.sebuilder.interpreter.SeInterpreter next
SEVERE: {"negated":false,"text":"${message}","type":"verifyTextPresent"} failed.
Oct 04, 2016 10:19:48 AM com.sebuilder.interpreter.SeInterpreter main
INFO: /Users/raghav/Desktop/Tools/SeleniumBuilder/SeBuilderDataDrivenTest/Test1.json failed
Oct 04, 2016 10:20:13 AM com.sebuilder.interpreter.SeInterpreter next
SEVERE: {"negated":false,"text":"${message}","type":"verifyTextPresent"} failed.
Oct 04, 2016 10:20:14 AM com.sebuilder.interpreter.SeInterpreter main
INFO: /Users/raghav/Desktop/Tools/SeleniumBuilder/SeBuilderDataDrivenTest/Test1.json failed
Oct 04, 2016 10:20:40 AM com.sebuilder.interpreter.SeInterpreter next
SEVERE: {"negated":false,"text":"${message}","type":"verifyTextPresent"} failed.
Oct 04, 2016 10:20:40 AM com.sebuilder.interpreter.SeInterpreter main
INFO: /Users/raghav/Desktop/Tools/SeleniumBuilder/SeBuilderDataDrivenTest/Test1.json failed
Oct 04, 2016 10:20:59 AM com.sebuilder.interpreter.SeInterpreter next
SEVERE: {"negated":false,"text":"${message}","type":"verifyTextPresent"} failed.
Oct 04, 2016 10:20:59 AM com.sebuilder.interpreter.SeInterpreter main
INFO: /Users/raghav/Desktop/Tools/SeleniumBuilder/SeBuilderDataDrivenTest/Test1.json failed
Oct 04, 2016 10:21:08 AM com.sebuilder.interpreter.SeInterpreter next
SEVERE: {"negated":false,"text":"${message}","type":"verifyTextPresent"} failed.
Oct 04, 2016 10:21:09 AM com.sebuilder.interpreter.SeInterpreter main
INFO: /Users/raghav/Desktop/Tools/SeleniumBuilder/SeBuilderDataDrivenTest/Test1.json failed
Oct 04, 2016 10:21:18 AM com.sebuilder.interpreter.SeInterpreter next
SEVERE: {"negated":false,"text":"${message}","type":"verifyTextPresent"} failed.
Oct 04, 2016 10:21:19 AM com.sebuilder.interpreter.SeInterpreter main
INFO: /Users/raghav/Desktop/Tools/SeleniumBuilder/SeBuilderDataDrivenTest/Test1.json failed
Oct 04, 2016 10:21:30 AM com.sebuilder.interpreter.SeInterpreter next
SEVERE: {"negated":false,"text":"${message}","type":"verifyTextPresent"} failed.
Oct 04, 2016 10:21:30 AM com.sebuilder.interpreter.SeInterpreter main
INFO: /Users/raghav/Desktop/Tools/SeleniumBuilder/SeBuilderDataDrivenTest/Test1.json failed
Oct 04, 2016 10:21:39 AM com.sebuilder.interpreter.SeInterpreter next
SEVERE: {"negated":false,"text":"${message}","type":"verifyTextPresent"} failed.
Oct 04, 2016 10:21:39 AM com.sebuilder.interpreter.SeInterpreter main
INFO: /Users/raghav/Desktop/Tools/SeleniumBuilder/SeBuilderDataDrivenTest/Test1.json failed
Oct 04, 2016 10:21:48 AM com.sebuilder.interpreter.SeInterpreter next
SEVERE: {"negated":false,"text":"${message}","type":"verifyTextPresent"} failed.
Oct 04, 2016 10:21:48 AM com.sebuilder.interpreter.SeInterpreter main
INFO: /Users/raghav/Desktop/Tools/SeleniumBuilder/SeBuilderDataDrivenTest/Test1.json failed
Oct 04, 2016 10:21:58 AM com.sebuilder.interpreter.SeInterpreter next
SEVERE: {"negated":false,"text":"${message}","type":"verifyTextPresent"} failed.
Oct 04, 2016 10:21:58 AM com.sebuilder.interpreter.SeInterpreter main
INFO: /Users/raghav/Desktop/Tools/SeleniumBuilder/SeBuilderDataDrivenTest/Test1.json failed
Oct 04, 2016 10:22:11 AM com.sebuilder.interpreter.SeInterpreter main
INFO: /Users/raghav/Desktop/Tools/SeleniumBuilder/SeBuilderDataDrivenTest/Test1.json failed
java.lang.RuntimeException: {"negated":false,"text":"${username}","type":"SetElementText","locator":{"type":"id","value":"user_login"}} failed.
	at com.sebuilder.interpreter.TestRun.next(TestRun.java:154)
	at com.sebuilder.interpreter.TestRun.finish(TestRun.java:196)
	at com.sebuilder.interpreter.SeInterpreter.main(SeInterpreter.java:101)
Caused by: org.openqa.selenium.NoSuchElementException: Unable to locate element: {"method":"id","selector":"user_login"}
Command duration or timeout: 17 milliseconds
For documentation on this error, please visit: http://seleniumhq.org/exceptions/no_such_element.html
Build info: version: '2.53.0', revision: '35ae25b', time: '2016-03-15 16:57:40'
System info: host: 'MBFIN026.local', ip: '192.168.100.43', os.name: 'Mac OS X', os.arch: 'x86_64', os.version: '10.11.4', java.version: '1.8.0_101'
Driver info: org.openqa.selenium.firefox.FirefoxDriver
Capabilities [{applicationCacheEnabled=true, rotatable=false, handlesAlerts=true, databaseEnabled=true, version=39.0, platform=MAC, nativeEvents=false, acceptSslCerts=true, webStorageEnabled=true, locationContextEnabled=true, browserName=firefox, takesScreenshot=true, javascriptEnabled=true, cssSelectorsEnabled=true}]
Session ID: 64e5faf0-7f9c-1044-8890-b729db2fd118
*** Element info: {Using=id, value=user_login}
	at sun.reflect.NativeConstructorAccessorImpl.newInstance0(Native Method)
	at sun.reflect.NativeConstructorAccessorImpl.newInstance(NativeConstructorAccessorImpl.java:62)
	at sun.reflect.DelegatingConstructorAccessorImpl.newInstance(DelegatingConstructorAccessorImpl.java:45)
	at java.lang.reflect.Constructor.newInstance(Constructor.java:423)
	at org.openqa.selenium.remote.ErrorHandler.createThrowable(ErrorHandler.java:206)
	at org.openqa.selenium.remote.ErrorHandler.throwIfResponseFailed(ErrorHandler.java:158)
	at org.openqa.selenium.remote.RemoteWebDriver.execute(RemoteWebDriver.java:678)
	at org.openqa.selenium.remote.RemoteWebDriver.findElement(RemoteWebDriver.java:363)
	at org.openqa.selenium.remote.RemoteWebDriver.findElementById(RemoteWebDriver.java:413)
	at com.sebuilder.interpreter.Locator$Type$1.find(Locator.java:75)
	at com.sebuilder.interpreter.Locator.find(Locator.java:48)
	at com.sebuilder.interpreter.steptype.SetElementText.run(SetElementText.java:26)
	at com.sebuilder.interpreter.TestRun.next(TestRun.java:152)
	... 2 more
Caused by: org.openqa.selenium.NoSuchElementException: Unable to locate element: {"method":"id","selector":"user_login"}
For documentation on this error, please visit: http://seleniumhq.org/exceptions/no_such_element.html
Build info: version: '2.53.0', revision: '35ae25b', time: '2016-03-15 16:57:40'
System info: host: 'MBFIN026.local', ip: '192.168.100.43', os.name: 'Mac OS X', os.arch: 'x86_64', os.version: '10.11.4', java.version: '1.8.0_101'
Driver info: driver.version: unknown
	at <anonymous class>.FirefoxDriver.prototype.findElementInternal_(file:///var/folders/04/404xtqgs6bl2lhw8c66myxc8py0vbt/T/anonymous3867354146806354185webdriver-profile/extensions/fxdriver@googlecode.com/components/driver-component.js:10770)
	at <anonymous class>.FirefoxDriver.prototype.findElement(file:///var/folders/04/404xtqgs6bl2lhw8c66myxc8py0vbt/T/anonymous3867354146806354185webdriver-profile/extensions/fxdriver@googlecode.com/components/driver-component.js:10779)
	at <anonymous class>.DelayedCommand.prototype.executeInternal_/h(file:///var/folders/04/404xtqgs6bl2lhw8c66myxc8py0vbt/T/anonymous3867354146806354185webdriver-profile/extensions/fxdriver@googlecode.com/components/command-processor.js:12661)
	at <anonymous class>.DelayedCommand.prototype.executeInternal_(file:///var/folders/04/404xtqgs6bl2lhw8c66myxc8py0vbt/T/anonymous3867354146806354185webdriver-profile/extensions/fxdriver@googlecode.com/components/command-processor.js:12666)
	at <anonymous class>.DelayedCommand.prototype.execute/<(file:///var/folders/04/404xtqgs6bl2lhw8c66myxc8py0vbt/T/anonymous3867354146806354185webdriver-profile/extensions/fxdriver@googlecode.com/components/command-processor.js:12608)

Oct 04, 2016 10:22:16 AM com.sebuilder.interpreter.SeInterpreter main
INFO: /Users/raghav/Desktop/Tools/SeleniumBuilder/SeBuilderDataDrivenTest/Test1.json failed
java.lang.RuntimeException: {"negated":false,"text":"${username}","type":"SetElementText","locator":{"type":"id","value":"user_login"}} failed.
	at com.sebuilder.interpreter.TestRun.next(TestRun.java:154)
	at com.sebuilder.interpreter.TestRun.finish(TestRun.java:196)
	at com.sebuilder.interpreter.SeInterpreter.main(SeInterpreter.java:101)
Caused by: org.openqa.selenium.NoSuchElementException: Unable to locate element: {"method":"id","selector":"user_login"}
Command duration or timeout: 21 milliseconds
For documentation on this error, please visit: http://seleniumhq.org/exceptions/no_such_element.html
Build info: version: '2.53.0', revision: '35ae25b', time: '2016-03-15 16:57:40'
System info: host: 'MBFIN026.local', ip: '192.168.100.43', os.name: 'Mac OS X', os.arch: 'x86_64', os.version: '10.11.4', java.version: '1.8.0_101'
Driver info: org.openqa.selenium.firefox.FirefoxDriver
Capabilities [{applicationCacheEnabled=true, rotatable=false, handlesAlerts=true, databaseEnabled=true, version=39.0, platform=MAC, nativeEvents=false, acceptSslCerts=true, webStorageEnabled=true, locationContextEnabled=true, browserName=firefox, takesScreenshot=true, javascriptEnabled=true, cssSelectorsEnabled=true}]
Session ID: f3bc81dc-2178-ab4d-9276-044e4d9d1a86
*** Element info: {Using=id, value=user_login}
	at sun.reflect.NativeConstructorAccessorImpl.newInstance0(Native Method)
	at sun.reflect.NativeConstructorAccessorImpl.newInstance(NativeConstructorAccessorImpl.java:62)
	at sun.reflect.DelegatingConstructorAccessorImpl.newInstance(DelegatingConstructorAccessorImpl.java:45)
	at java.lang.reflect.Constructor.newInstance(Constructor.java:423)
	at org.openqa.selenium.remote.ErrorHandler.createThrowable(ErrorHandler.java:206)
	at org.openqa.selenium.remote.ErrorHandler.throwIfResponseFailed(ErrorHandler.java:158)
	at org.openqa.selenium.remote.RemoteWebDriver.execute(RemoteWebDriver.java:678)
	at org.openqa.selenium.remote.RemoteWebDriver.findElement(RemoteWebDriver.java:363)
	at org.openqa.selenium.remote.RemoteWebDriver.findElementById(RemoteWebDriver.java:413)
	at com.sebuilder.interpreter.Locator$Type$1.find(Locator.java:75)
	at com.sebuilder.interpreter.Locator.find(Locator.java:48)
	at com.sebuilder.interpreter.steptype.SetElementText.run(SetElementText.java:26)
	at com.sebuilder.interpreter.TestRun.next(TestRun.java:152)
	... 2 more
Caused by: org.openqa.selenium.NoSuchElementException: Unable to locate element: {"method":"id","selector":"user_login"}
For documentation on this error, please visit: http://seleniumhq.org/exceptions/no_such_element.html
Build info: version: '2.53.0', revision: '35ae25b', time: '2016-03-15 16:57:40'
System info: host: 'MBFIN026.local', ip: '192.168.100.43', os.name: 'Mac OS X', os.arch: 'x86_64', os.version: '10.11.4', java.version: '1.8.0_101'
Driver info: driver.version: unknown
	at <anonymous class>.FirefoxDriver.prototype.findElementInternal_(file:///var/folders/04/404xtqgs6bl2lhw8c66myxc8py0vbt/T/anonymous7038821861218038124webdriver-profile/extensions/fxdriver@googlecode.com/components/driver-component.js:10770)
	at <anonymous class>.FirefoxDriver.prototype.findElement(file:///var/folders/04/404xtqgs6bl2lhw8c66myxc8py0vbt/T/anonymous7038821861218038124webdriver-profile/extensions/fxdriver@googlecode.com/components/driver-component.js:10779)
	at <anonymous class>.DelayedCommand.prototype.executeInternal_/h(file:///var/folders/04/404xtqgs6bl2lhw8c66myxc8py0vbt/T/anonymous7038821861218038124webdriver-profile/extensions/fxdriver@googlecode.com/components/command-processor.js:12661)
	at <anonymous class>.DelayedCommand.prototype.executeInternal_(file:///var/folders/04/404xtqgs6bl2lhw8c66myxc8py0vbt/T/anonymous7038821861218038124webdriver-profile/extensions/fxdriver@googlecode.com/components/command-processor.js:12666)
	at <anonymous class>.DelayedCommand.prototype.execute/<(file:///var/folders/04/404xtqgs6bl2lhw8c66myxc8py0vbt/T/anonymous7038821861218038124webdriver-profile/extensions/fxdriver@googlecode.com/components/command-processor.js:12608)

Oct 04, 2016 10:22:21 AM com.sebuilder.interpreter.SeInterpreter main
INFO: /Users/raghav/Desktop/Tools/SeleniumBuilder/SeBuilderDataDrivenTest/Test1.json failed
java.lang.RuntimeException: {"negated":false,"text":"${username}","type":"SetElementText","locator":{"type":"id","value":"user_login"}} failed.
	at com.sebuilder.interpreter.TestRun.next(TestRun.java:154)
	at com.sebuilder.interpreter.TestRun.finish(TestRun.java:196)
	at com.sebuilder.interpreter.SeInterpreter.main(SeInterpreter.java:101)
Caused by: org.openqa.selenium.NoSuchElementException: Unable to locate element: {"method":"id","selector":"user_login"}
Command duration or timeout: 19 milliseconds
For documentation on this error, please visit: http://seleniumhq.org/exceptions/no_such_element.html
Build info: version: '2.53.0', revision: '35ae25b', time: '2016-03-15 16:57:40'
System info: host: 'MBFIN026.local', ip: '192.168.100.43', os.name: 'Mac OS X', os.arch: 'x86_64', os.version: '10.11.4', java.version: '1.8.0_101'
Driver info: org.openqa.selenium.firefox.FirefoxDriver
Capabilities [{applicationCacheEnabled=true, rotatable=false, handlesAlerts=true, databaseEnabled=true, version=39.0, platform=MAC, nativeEvents=false, acceptSslCerts=true, webStorageEnabled=true, locationContextEnabled=true, browserName=firefox, takesScreenshot=true, javascriptEnabled=true, cssSelectorsEnabled=true}]
Session ID: 6646d291-a408-2a45-97e3-b875dfd94b97
*** Element info: {Using=id, value=user_login}
	at sun.reflect.NativeConstructorAccessorImpl.newInstance0(Native Method)
	at sun.reflect.NativeConstructorAccessorImpl.newInstance(NativeConstructorAccessorImpl.java:62)
	at sun.reflect.DelegatingConstructorAccessorImpl.newInstance(DelegatingConstructorAccessorImpl.java:45)
	at java.lang.reflect.Constructor.newInstance(Constructor.java:423)
	at org.openqa.selenium.remote.ErrorHandler.createThrowable(ErrorHandler.java:206)
	at org.openqa.selenium.remote.ErrorHandler.throwIfResponseFailed(ErrorHandler.java:158)
	at org.openqa.selenium.remote.RemoteWebDriver.execute(RemoteWebDriver.java:678)
	at org.openqa.selenium.remote.RemoteWebDriver.findElement(RemoteWebDriver.java:363)
	at org.openqa.selenium.remote.RemoteWebDriver.findElementById(RemoteWebDriver.java:413)
	at com.sebuilder.interpreter.Locator$Type$1.find(Locator.java:75)
	at com.sebuilder.interpreter.Locator.find(Locator.java:48)
	at com.sebuilder.interpreter.steptype.SetElementText.run(SetElementText.java:26)
	at com.sebuilder.interpreter.TestRun.next(TestRun.java:152)
	... 2 more
Caused by: org.openqa.selenium.NoSuchElementException: Unable to locate element: {"method":"id","selector":"user_login"}
For documentation on this error, please visit: http://seleniumhq.org/exceptions/no_such_element.html
Build info: version: '2.53.0', revision: '35ae25b', time: '2016-03-15 16:57:40'
System info: host: 'MBFIN026.local', ip: '192.168.100.43', os.name: 'Mac OS X', os.arch: 'x86_64', os.version: '10.11.4', java.version: '1.8.0_101'
Driver info: driver.version: unknown
	at <anonymous class>.FirefoxDriver.prototype.findElementInternal_(file:///var/folders/04/404xtqgs6bl2lhw8c66myxc8py0vbt/T/anonymous9196945175547766505webdriver-profile/extensions/fxdriver@googlecode.com/components/driver-component.js:10770)
	at <anonymous class>.FirefoxDriver.prototype.findElement(file:///var/folders/04/404xtqgs6bl2lhw8c66myxc8py0vbt/T/anonymous9196945175547766505webdriver-profile/extensions/fxdriver@googlecode.com/components/driver-component.js:10779)
	at <anonymous class>.DelayedCommand.prototype.executeInternal_/h(file:///var/folders/04/404xtqgs6bl2lhw8c66myxc8py0vbt/T/anonymous9196945175547766505webdriver-profile/extensions/fxdriver@googlecode.com/components/command-processor.js:12661)
	at <anonymous class>.DelayedCommand.prototype.executeInternal_(file:///var/folders/04/404xtqgs6bl2lhw8c66myxc8py0vbt/T/anonymous9196945175547766505webdriver-profile/extensions/fxdriver@googlecode.com/components/command-processor.js:12666)
	at <anonymous class>.DelayedCommand.prototype.execute/<(file:///var/folders/04/404xtqgs6bl2lhw8c66myxc8py0vbt/T/anonymous9196945175547766505webdriver-profile/extensions/fxdriver@googlecode.com/components/command-processor.js:12608)

Oct 04, 2016 10:22:27 AM com.sebuilder.interpreter.SeInterpreter main
INFO: /Users/raghav/Desktop/Tools/SeleniumBuilder/SeBuilderDataDrivenTest/Test1.json failed
java.lang.RuntimeException: {"negated":false,"text":"${username}","type":"SetElementText","locator":{"type":"id","value":"user_login"}} failed.
	at com.sebuilder.interpreter.TestRun.next(TestRun.java:154)
	at com.sebuilder.interpreter.TestRun.finish(TestRun.java:196)
	at com.sebuilder.interpreter.SeInterpreter.main(SeInterpreter.java:101)
Caused by: org.openqa.selenium.NoSuchElementException: Unable to locate element: {"method":"id","selector":"user_login"}
Command duration or timeout: 31 milliseconds
For documentation on this error, please visit: http://seleniumhq.org/exceptions/no_such_element.html
Build info: version: '2.53.0', revision: '35ae25b', time: '2016-03-15 16:57:40'
System info: host: 'MBFIN026.local', ip: '192.168.100.43', os.name: 'Mac OS X', os.arch: 'x86_64', os.version: '10.11.4', java.version: '1.8.0_101'
Driver info: org.openqa.selenium.firefox.FirefoxDriver
Capabilities [{applicationCacheEnabled=true, rotatable=false, handlesAlerts=true, databaseEnabled=true, version=39.0, platform=MAC, nativeEvents=false, acceptSslCerts=true, webStorageEnabled=true, locationContextEnabled=true, browserName=firefox, takesScreenshot=true, javascriptEnabled=true, cssSelectorsEnabled=true}]
Session ID: 4bacc369-134f-6943-913d-273be82d02f9
*** Element info: {Using=id, value=user_login}
	at sun.reflect.NativeConstructorAccessorImpl.newInstance0(Native Method)
	at sun.reflect.NativeConstructorAccessorImpl.newInstance(NativeConstructorAccessorImpl.java:62)
	at sun.reflect.DelegatingConstructorAccessorImpl.newInstance(DelegatingConstructorAccessorImpl.java:45)
	at java.lang.reflect.Constructor.newInstance(Constructor.java:423)
	at org.openqa.selenium.remote.ErrorHandler.createThrowable(ErrorHandler.java:206)
	at org.openqa.selenium.remote.ErrorHandler.throwIfResponseFailed(ErrorHandler.java:158)
	at org.openqa.selenium.remote.RemoteWebDriver.execute(RemoteWebDriver.java:678)
	at org.openqa.selenium.remote.RemoteWebDriver.findElement(RemoteWebDriver.java:363)
	at org.openqa.selenium.remote.RemoteWebDriver.findElementById(RemoteWebDriver.java:413)
	at com.sebuilder.interpreter.Locator$Type$1.find(Locator.java:75)
	at com.sebuilder.interpreter.Locator.find(Locator.java:48)
	at com.sebuilder.interpreter.steptype.SetElementText.run(SetElementText.java:26)
	at com.sebuilder.interpreter.TestRun.next(TestRun.java:152)
	... 2 more
Caused by: org.openqa.selenium.NoSuchElementException: Unable to locate element: {"method":"id","selector":"user_login"}
For documentation on this error, please visit: http://seleniumhq.org/exceptions/no_such_element.html
Build info: version: '2.53.0', revision: '35ae25b', time: '2016-03-15 16:57:40'
System info: host: 'MBFIN026.local', ip: '192.168.100.43', os.name: 'Mac OS X', os.arch: 'x86_64', os.version: '10.11.4', java.version: '1.8.0_101'
Driver info: driver.version: unknown
	at <anonymous class>.FirefoxDriver.prototype.findElementInternal_(file:///var/folders/04/404xtqgs6bl2lhw8c66myxc8py0vbt/T/anonymous1159355794911457817webdriver-profile/extensions/fxdriver@googlecode.com/components/driver-component.js:10770)
	at <anonymous class>.FirefoxDriver.prototype.findElement(file:///var/folders/04/404xtqgs6bl2lhw8c66myxc8py0vbt/T/anonymous1159355794911457817webdriver-profile/extensions/fxdriver@googlecode.com/components/driver-component.js:10779)
	at <anonymous class>.DelayedCommand.prototype.executeInternal_/h(file:///var/folders/04/404xtqgs6bl2lhw8c66myxc8py0vbt/T/anonymous1159355794911457817webdriver-profile/extensions/fxdriver@googlecode.com/components/command-processor.js:12661)
	at <anonymous class>.DelayedCommand.prototype.executeInternal_(file:///var/folders/04/404xtqgs6bl2lhw8c66myxc8py0vbt/T/anonymous1159355794911457817webdriver-profile/extensions/fxdriver@googlecode.com/components/command-processor.js:12666)
	at <anonymous class>.DelayedCommand.prototype.execute/<(file:///var/folders/04/404xtqgs6bl2lhw8c66myxc8py0vbt/T/anonymous1159355794911457817webdriver-profile/extensions/fxdriver@googlecode.com/components/command-processor.js:12608)

Oct 04, 2016 10:22:32 AM com.sebuilder.interpreter.SeInterpreter main
INFO: /Users/raghav/Desktop/Tools/SeleniumBuilder/SeBuilderDataDrivenTest/Test1.json failed
java.lang.RuntimeException: {"negated":false,"text":"${username}","type":"SetElementText","locator":{"type":"id","value":"user_login"}} failed.
	at com.sebuilder.interpreter.TestRun.next(TestRun.java:154)
	at com.sebuilder.interpreter.TestRun.finish(TestRun.java:196)
	at com.sebuilder.interpreter.SeInterpreter.main(SeInterpreter.java:101)
Caused by: org.openqa.selenium.NoSuchElementException: Unable to locate element: {"method":"id","selector":"user_login"}
Command duration or timeout: 37 milliseconds
For documentation on this error, please visit: http://seleniumhq.org/exceptions/no_such_element.html
Build info: version: '2.53.0', revision: '35ae25b', time: '2016-03-15 16:57:40'
System info: host: 'MBFIN026.local', ip: '192.168.100.43', os.name: 'Mac OS X', os.arch: 'x86_64', os.version: '10.11.4', java.version: '1.8.0_101'
Driver info: org.openqa.selenium.firefox.FirefoxDriver
Capabilities [{applicationCacheEnabled=true, rotatable=false, handlesAlerts=true, databaseEnabled=true, version=39.0, platform=MAC, nativeEvents=false, acceptSslCerts=true, webStorageEnabled=true, locationContextEnabled=true, browserName=firefox, takesScreenshot=true, javascriptEnabled=true, cssSelectorsEnabled=true}]
Session ID: 90a5e3fb-9ddf-7a42-bb00-724760853176
*** Element info: {Using=id, value=user_login}
	at sun.reflect.NativeConstructorAccessorImpl.newInstance0(Native Method)
	at sun.reflect.NativeConstructorAccessorImpl.newInstance(NativeConstructorAccessorImpl.java:62)
	at sun.reflect.DelegatingConstructorAccessorImpl.newInstance(DelegatingConstructorAccessorImpl.java:45)
	at java.lang.reflect.Constructor.newInstance(Constructor.java:423)
	at org.openqa.selenium.remote.ErrorHandler.createThrowable(ErrorHandler.java:206)
	at org.openqa.selenium.remote.ErrorHandler.throwIfResponseFailed(ErrorHandler.java:158)
	at org.openqa.selenium.remote.RemoteWebDriver.execute(RemoteWebDriver.java:678)
	at org.openqa.selenium.remote.RemoteWebDriver.findElement(RemoteWebDriver.java:363)
	at org.openqa.selenium.remote.RemoteWebDriver.findElementById(RemoteWebDriver.java:413)
	at com.sebuilder.interpreter.Locator$Type$1.find(Locator.java:75)
	at com.sebuilder.interpreter.Locator.find(Locator.java:48)
	at com.sebuilder.interpreter.steptype.SetElementText.run(SetElementText.java:26)
	at com.sebuilder.interpreter.TestRun.next(TestRun.java:152)
	... 2 more
Caused by: org.openqa.selenium.NoSuchElementException: Unable to locate element: {"method":"id","selector":"user_login"}
For documentation on this error, please visit: http://seleniumhq.org/exceptions/no_such_element.html
Build info: version: '2.53.0', revision: '35ae25b', time: '2016-03-15 16:57:40'
System info: host: 'MBFIN026.local', ip: '192.168.100.43', os.name: 'Mac OS X', os.arch: 'x86_64', os.version: '10.11.4', java.version: '1.8.0_101'
Driver info: driver.version: unknown
	at <anonymous class>.FirefoxDriver.prototype.findElementInternal_(file:///var/folders/04/404xtqgs6bl2lhw8c66myxc8py0vbt/T/anonymous7552890947587747842webdriver-profile/extensions/fxdriver@googlecode.com/components/driver-component.js:10770)
	at <anonymous class>.FirefoxDriver.prototype.findElement(file:///var/folders/04/404xtqgs6bl2lhw8c66myxc8py0vbt/T/anonymous7552890947587747842webdriver-profile/extensions/fxdriver@googlecode.com/components/driver-component.js:10779)
	at <anonymous class>.DelayedCommand.prototype.executeInternal_/h(file:///var/folders/04/404xtqgs6bl2lhw8c66myxc8py0vbt/T/anonymous7552890947587747842webdriver-profile/extensions/fxdriver@googlecode.com/components/command-processor.js:12661)
	at <anonymous class>.DelayedCommand.prototype.executeInternal_(file:///var/folders/04/404xtqgs6bl2lhw8c66myxc8py0vbt/T/anonymous7552890947587747842webdriver-profile/extensions/fxdriver@googlecode.com/components/command-processor.js:12666)
	at <anonymous class>.DelayedCommand.prototype.execute/<(file:///var/folders/04/404xtqgs6bl2lhw8c66myxc8py0vbt/T/anonymous7552890947587747842webdriver-profile/extensions/fxdriver@googlecode.com/components/command-processor.js:12608)

Oct 04, 2016 10:22:39 AM com.sebuilder.interpreter.SeInterpreter main
INFO: /Users/raghav/Desktop/Tools/SeleniumBuilder/SeBuilderDataDrivenTest/Test1.json failed
java.lang.RuntimeException: {"negated":false,"text":"${username}","type":"SetElementText","locator":{"type":"id","value":"user_login"}} failed.
	at com.sebuilder.interpreter.TestRun.next(TestRun.java:154)
	at com.sebuilder.interpreter.TestRun.finish(TestRun.java:196)
	at com.sebuilder.interpreter.SeInterpreter.main(SeInterpreter.java:101)
Caused by: org.openqa.selenium.NoSuchElementException: Unable to locate element: {"method":"id","selector":"user_login"}
Command duration or timeout: 13 milliseconds
For documentation on this error, please visit: http://seleniumhq.org/exceptions/no_such_element.html
Build info: version: '2.53.0', revision: '35ae25b', time: '2016-03-15 16:57:40'
System info: host: 'MBFIN026.local', ip: '192.168.100.43', os.name: 'Mac OS X', os.arch: 'x86_64', os.version: '10.11.4', java.version: '1.8.0_101'
Driver info: org.openqa.selenium.firefox.FirefoxDriver
Capabilities [{applicationCacheEnabled=true, rotatable=false, handlesAlerts=true, databaseEnabled=true, version=39.0, platform=MAC, nativeEvents=false, acceptSslCerts=true, webStorageEnabled=true, locationContextEnabled=true, browserName=firefox, takesScreenshot=true, javascriptEnabled=true, cssSelectorsEnabled=true}]
Session ID: 6d07bf59-73c4-a746-b420-312305d0d518
*** Element info: {Using=id, value=user_login}
	at sun.reflect.NativeConstructorAccessorImpl.newInstance0(Native Method)
	at sun.reflect.NativeConstructorAccessorImpl.newInstance(NativeConstructorAccessorImpl.java:62)
	at sun.reflect.DelegatingConstructorAccessorImpl.newInstance(DelegatingConstructorAccessorImpl.java:45)
	at java.lang.reflect.Constructor.newInstance(Constructor.java:423)
	at org.openqa.selenium.remote.ErrorHandler.createThrowable(ErrorHandler.java:206)
	at org.openqa.selenium.remote.ErrorHandler.throwIfResponseFailed(ErrorHandler.java:158)
	at org.openqa.selenium.remote.RemoteWebDriver.execute(RemoteWebDriver.java:678)
	at org.openqa.selenium.remote.RemoteWebDriver.findElement(RemoteWebDriver.java:363)
	at org.openqa.selenium.remote.RemoteWebDriver.findElementById(RemoteWebDriver.java:413)
	at com.sebuilder.interpreter.Locator$Type$1.find(Locator.java:75)
	at com.sebuilder.interpreter.Locator.find(Locator.java:48)
	at com.sebuilder.interpreter.steptype.SetElementText.run(SetElementText.java:26)
	at com.sebuilder.interpreter.TestRun.next(TestRun.java:152)
	... 2 more
Caused by: org.openqa.selenium.NoSuchElementException: Unable to locate element: {"method":"id","selector":"user_login"}
For documentation on this error, please visit: http://seleniumhq.org/exceptions/no_such_element.html
Build info: version: '2.53.0', revision: '35ae25b', time: '2016-03-15 16:57:40'
System info: host: 'MBFIN026.local', ip: '192.168.100.43', os.name: 'Mac OS X', os.arch: 'x86_64', os.version: '10.11.4', java.version: '1.8.0_101'
Driver info: driver.version: unknown
	at <anonymous class>.FirefoxDriver.prototype.findElementInternal_(file:///var/folders/04/404xtqgs6bl2lhw8c66myxc8py0vbt/T/anonymous7031235315170258887webdriver-profile/extensions/fxdriver@googlecode.com/components/driver-component.js:10770)
	at <anonymous class>.FirefoxDriver.prototype.findElement(file:///var/folders/04/404xtqgs6bl2lhw8c66myxc8py0vbt/T/anonymous7031235315170258887webdriver-profile/extensions/fxdriver@googlecode.com/components/driver-component.js:10779)
	at <anonymous class>.DelayedCommand.prototype.executeInternal_/h(file:///var/folders/04/404xtqgs6bl2lhw8c66myxc8py0vbt/T/anonymous7031235315170258887webdriver-profile/extensions/fxdriver@googlecode.com/components/command-processor.js:12661)
	at <anonymous class>.DelayedCommand.prototype.executeInternal_(file:///var/folders/04/404xtqgs6bl2lhw8c66myxc8py0vbt/T/anonymous7031235315170258887webdriver-profile/extensions/fxdriver@googlecode.com/components/command-processor.js:12666)
	at <anonymous class>.DelayedCommand.prototype.execute/<(file:///var/folders/04/404xtqgs6bl2lhw8c66myxc8py0vbt/T/anonymous7031235315170258887webdriver-profile/extensions/fxdriver@googlecode.com/components/command-processor.js:12608)

Oct 04, 2016 10:22:45 AM com.sebuilder.interpreter.SeInterpreter main
INFO: /Users/raghav/Desktop/Tools/SeleniumBuilder/SeBuilderDataDrivenTest/Test1.json failed
java.lang.RuntimeException: {"negated":false,"text":"${username}","type":"SetElementText","locator":{"type":"id","value":"user_login"}} failed.
	at com.sebuilder.interpreter.TestRun.next(TestRun.java:154)
	at com.sebuilder.interpreter.TestRun.finish(TestRun.java:196)
	at com.sebuilder.interpreter.SeInterpreter.main(SeInterpreter.java:101)
Caused by: org.openqa.selenium.NoSuchElementException: Unable to locate element: {"method":"id","selector":"user_login"}
Command duration or timeout: 13 milliseconds
For documentation on this error, please visit: http://seleniumhq.org/exceptions/no_such_element.html
Build info: version: '2.53.0', revision: '35ae25b', time: '2016-03-15 16:57:40'
System info: host: 'MBFIN026.local', ip: '192.168.100.43', os.name: 'Mac OS X', os.arch: 'x86_64', os.version: '10.11.4', java.version: '1.8.0_101'
Driver info: org.openqa.selenium.firefox.FirefoxDriver
Capabilities [{applicationCacheEnabled=true, rotatable=false, handlesAlerts=true, databaseEnabled=true, version=39.0, platform=MAC, nativeEvents=false, acceptSslCerts=true, webStorageEnabled=true, locationContextEnabled=true, browserName=firefox, takesScreenshot=true, javascriptEnabled=true, cssSelectorsEnabled=true}]
Session ID: 4d761570-6daa-8a46-a0d7-06e6303807b1
*** Element info: {Using=id, value=user_login}
	at sun.reflect.NativeConstructorAccessorImpl.newInstance0(Native Method)
	at sun.reflect.NativeConstructorAccessorImpl.newInstance(NativeConstructorAccessorImpl.java:62)
	at sun.reflect.DelegatingConstructorAccessorImpl.newInstance(DelegatingConstructorAccessorImpl.java:45)
	at java.lang.reflect.Constructor.newInstance(Constructor.java:423)
	at org.openqa.selenium.remote.ErrorHandler.createThrowable(ErrorHandler.java:206)
	at org.openqa.selenium.remote.ErrorHandler.throwIfResponseFailed(ErrorHandler.java:158)
	at org.openqa.selenium.remote.RemoteWebDriver.execute(RemoteWebDriver.java:678)
	at org.openqa.selenium.remote.RemoteWebDriver.findElement(RemoteWebDriver.java:363)
	at org.openqa.selenium.remote.RemoteWebDriver.findElementById(RemoteWebDriver.java:413)
	at com.sebuilder.interpreter.Locator$Type$1.find(Locator.java:75)
	at com.sebuilder.interpreter.Locator.find(Locator.java:48)
	at com.sebuilder.interpreter.steptype.SetElementText.run(SetElementText.java:26)
	at com.sebuilder.interpreter.TestRun.next(TestRun.java:152)
	... 2 more
Caused by: org.openqa.selenium.NoSuchElementException: Unable to locate element: {"method":"id","selector":"user_login"}
For documentation on this error, please visit: http://seleniumhq.org/exceptions/no_such_element.html
Build info: version: '2.53.0', revision: '35ae25b', time: '2016-03-15 16:57:40'
System info: host: 'MBFIN026.local', ip: '192.168.100.43', os.name: 'Mac OS X', os.arch: 'x86_64', os.version: '10.11.4', java.version: '1.8.0_101'
Driver info: driver.version: unknown
	at <anonymous class>.FirefoxDriver.prototype.findElementInternal_(file:///var/folders/04/404xtqgs6bl2lhw8c66myxc8py0vbt/T/anonymous2569097286150613556webdriver-profile/extensions/fxdriver@googlecode.com/components/driver-component.js:10770)
	at <anonymous class>.FirefoxDriver.prototype.findElement(file:///var/folders/04/404xtqgs6bl2lhw8c66myxc8py0vbt/T/anonymous2569097286150613556webdriver-profile/extensions/fxdriver@googlecode.com/components/driver-component.js:10779)
	at <anonymous class>.DelayedCommand.prototype.executeInternal_/h(file:///var/folders/04/404xtqgs6bl2lhw8c66myxc8py0vbt/T/anonymous2569097286150613556webdriver-profile/extensions/fxdriver@googlecode.com/components/command-processor.js:12661)
	at <anonymous class>.DelayedCommand.prototype.executeInternal_(file:///var/folders/04/404xtqgs6bl2lhw8c66myxc8py0vbt/T/anonymous2569097286150613556webdriver-profile/extensions/fxdriver@googlecode.com/components/command-processor.js:12666)
	at <anonymous class>.DelayedCommand.prototype.execute/<(file:///var/folders/04/404xtqgs6bl2lhw8c66myxc8py0vbt/T/anonymous2569097286150613556webdriver-profile/extensions/fxdriver@googlecode.com/components/command-processor.js:12608)

Oct 04, 2016 10:22:55 AM com.sebuilder.interpreter.SeInterpreter main
INFO: /Users/raghav/Desktop/Tools/SeleniumBuilder/SeBuilderDataDrivenTest/Test1.json failed
java.lang.RuntimeException: {"negated":false,"text":"${username}","type":"SetElementText","locator":{"type":"id","value":"user_login"}} failed.
	at com.sebuilder.interpreter.TestRun.next(TestRun.java:154)
	at com.sebuilder.interpreter.TestRun.finish(TestRun.java:196)
	at com.sebuilder.interpreter.SeInterpreter.main(SeInterpreter.java:101)
Caused by: org.openqa.selenium.NoSuchElementException: Unable to locate element: {"method":"id","selector":"user_login"}
Command duration or timeout: 33 milliseconds
For documentation on this error, please visit: http://seleniumhq.org/exceptions/no_such_element.html
Build info: version: '2.53.0', revision: '35ae25b', time: '2016-03-15 16:57:40'
System info: host: 'MBFIN026.local', ip: '192.168.100.43', os.name: 'Mac OS X', os.arch: 'x86_64', os.version: '10.11.4', java.version: '1.8.0_101'
Driver info: org.openqa.selenium.firefox.FirefoxDriver
Capabilities [{applicationCacheEnabled=true, rotatable=false, handlesAlerts=true, databaseEnabled=true, version=39.0, platform=MAC, nativeEvents=false, acceptSslCerts=true, webStorageEnabled=true, locationContextEnabled=true, browserName=firefox, takesScreenshot=true, javascriptEnabled=true, cssSelectorsEnabled=true}]
Session ID: a9fc4204-b8bf-0d47-94e9-f8baa527db1a
*** Element info: {Using=id, value=user_login}
	at sun.reflect.NativeConstructorAccessorImpl.newInstance0(Native Method)
	at sun.reflect.NativeConstructorAccessorImpl.newInstance(NativeConstructorAccessorImpl.java:62)
	at sun.reflect.DelegatingConstructorAccessorImpl.newInstance(DelegatingConstructorAccessorImpl.java:45)
	at java.lang.reflect.Constructor.newInstance(Constructor.java:423)
	at org.openqa.selenium.remote.ErrorHandler.createThrowable(ErrorHandler.java:206)
	at org.openqa.selenium.remote.ErrorHandler.throwIfResponseFailed(ErrorHandler.java:158)
	at org.openqa.selenium.remote.RemoteWebDriver.execute(RemoteWebDriver.java:678)
	at org.openqa.selenium.remote.RemoteWebDriver.findElement(RemoteWebDriver.java:363)
	at org.openqa.selenium.remote.RemoteWebDriver.findElementById(RemoteWebDriver.java:413)
	at com.sebuilder.interpreter.Locator$Type$1.find(Locator.java:75)
	at com.sebuilder.interpreter.Locator.find(Locator.java:48)
	at com.sebuilder.interpreter.steptype.SetElementText.run(SetElementText.java:26)
	at com.sebuilder.interpreter.TestRun.next(TestRun.java:152)
	... 2 more
Caused by: org.openqa.selenium.NoSuchElementException: Unable to locate element: {"method":"id","selector":"user_login"}
For documentation on this error, please visit: http://seleniumhq.org/exceptions/no_such_element.html
Build info: version: '2.53.0', revision: '35ae25b', time: '2016-03-15 16:57:40'
System info: host: 'MBFIN026.local', ip: '192.168.100.43', os.name: 'Mac OS X', os.arch: 'x86_64', os.version: '10.11.4', java.version: '1.8.0_101'
Driver info: driver.version: unknown
	at <anonymous class>.FirefoxDriver.prototype.findElementInternal_(file:///var/folders/04/404xtqgs6bl2lhw8c66myxc8py0vbt/T/anonymous2563137708707657420webdriver-profile/extensions/fxdriver@googlecode.com/components/driver-component.js:10770)
	at <anonymous class>.FirefoxDriver.prototype.findElement(file:///var/folders/04/404xtqgs6bl2lhw8c66myxc8py0vbt/T/anonymous2563137708707657420webdriver-profile/extensions/fxdriver@googlecode.com/components/driver-component.js:10779)
	at <anonymous class>.DelayedCommand.prototype.executeInternal_/h(file:///var/folders/04/404xtqgs6bl2lhw8c66myxc8py0vbt/T/anonymous2563137708707657420webdriver-profile/extensions/fxdriver@googlecode.com/components/command-processor.js:12661)
	at <anonymous class>.DelayedCommand.prototype.executeInternal_(file:///var/folders/04/404xtqgs6bl2lhw8c66myxc8py0vbt/T/anonymous2563137708707657420webdriver-profile/extensions/fxdriver@googlecode.com/components/command-processor.js:12666)
	at <anonymous class>.DelayedCommand.prototype.execute/<(file:///var/folders/04/404xtqgs6bl2lhw8c66myxc8py0vbt/T/anonymous2563137708707657420webdriver-profile/extensions/fxdriver@googlecode.com/components/command-processor.js:12608)

Oct 04, 2016 10:23:01 AM com.sebuilder.interpreter.SeInterpreter main
INFO: /Users/raghav/Desktop/Tools/SeleniumBuilder/SeBuilderDataDrivenTest/Test1.json failed
java.lang.RuntimeException: {"negated":false,"text":"${username}","type":"SetElementText","locator":{"type":"id","value":"user_login"}} failed.
	at com.sebuilder.interpreter.TestRun.next(TestRun.java:154)
	at com.sebuilder.interpreter.TestRun.finish(TestRun.java:196)
	at com.sebuilder.interpreter.SeInterpreter.main(SeInterpreter.java:101)
Caused by: org.openqa.selenium.NoSuchElementException: Unable to locate element: {"method":"id","selector":"user_login"}
Command duration or timeout: 18 milliseconds
For documentation on this error, please visit: http://seleniumhq.org/exceptions/no_such_element.html
Build info: version: '2.53.0', revision: '35ae25b', time: '2016-03-15 16:57:40'
System info: host: 'MBFIN026.local', ip: '192.168.100.43', os.name: 'Mac OS X', os.arch: 'x86_64', os.version: '10.11.4', java.version: '1.8.0_101'
Driver info: org.openqa.selenium.firefox.FirefoxDriver
Capabilities [{applicationCacheEnabled=true, rotatable=false, handlesAlerts=true, databaseEnabled=true, version=39.0, platform=MAC, nativeEvents=false, acceptSslCerts=true, webStorageEnabled=true, locationContextEnabled=true, browserName=firefox, takesScreenshot=true, javascriptEnabled=true, cssSelectorsEnabled=true}]
Session ID: 2c779ac9-f323-024c-9a30-d7ea2625eb3f
*** Element info: {Using=id, value=user_login}
	at sun.reflect.NativeConstructorAccessorImpl.newInstance0(Native Method)
	at sun.reflect.NativeConstructorAccessorImpl.newInstance(NativeConstructorAccessorImpl.java:62)
	at sun.reflect.DelegatingConstructorAccessorImpl.newInstance(DelegatingConstructorAccessorImpl.java:45)
	at java.lang.reflect.Constructor.newInstance(Constructor.java:423)
	at org.openqa.selenium.remote.ErrorHandler.createThrowable(ErrorHandler.java:206)
	at org.openqa.selenium.remote.ErrorHandler.throwIfResponseFailed(ErrorHandler.java:158)
	at org.openqa.selenium.remote.RemoteWebDriver.execute(RemoteWebDriver.java:678)
	at org.openqa.selenium.remote.RemoteWebDriver.findElement(RemoteWebDriver.java:363)
	at org.openqa.selenium.remote.RemoteWebDriver.findElementById(RemoteWebDriver.java:413)
	at com.sebuilder.interpreter.Locator$Type$1.find(Locator.java:75)
	at com.sebuilder.interpreter.Locator.find(Locator.java:48)
	at com.sebuilder.interpreter.steptype.SetElementText.run(SetElementText.java:26)
	at com.sebuilder.interpreter.TestRun.next(TestRun.java:152)
	... 2 more
Caused by: org.openqa.selenium.NoSuchElementException: Unable to locate element: {"method":"id","selector":"user_login"}
For documentation on this error, please visit: http://seleniumhq.org/exceptions/no_such_element.html
Build info: version: '2.53.0', revision: '35ae25b', time: '2016-03-15 16:57:40'
System info: host: 'MBFIN026.local', ip: '192.168.100.43', os.name: 'Mac OS X', os.arch: 'x86_64', os.version: '10.11.4', java.version: '1.8.0_101'
Driver info: driver.version: unknown
	at <anonymous class>.FirefoxDriver.prototype.findElementInternal_(file:///var/folders/04/404xtqgs6bl2lhw8c66myxc8py0vbt/T/anonymous847693339443767058webdriver-profile/extensions/fxdriver@googlecode.com/components/driver-component.js:10770)
	at <anonymous class>.FirefoxDriver.prototype.findElement(file:///var/folders/04/404xtqgs6bl2lhw8c66myxc8py0vbt/T/anonymous847693339443767058webdriver-profile/extensions/fxdriver@googlecode.com/components/driver-component.js:10779)
	at <anonymous class>.DelayedCommand.prototype.executeInternal_/h(file:///var/folders/04/404xtqgs6bl2lhw8c66myxc8py0vbt/T/anonymous847693339443767058webdriver-profile/extensions/fxdriver@googlecode.com/components/command-processor.js:12661)
	at <anonymous class>.DelayedCommand.prototype.executeInternal_(file:///var/folders/04/404xtqgs6bl2lhw8c66myxc8py0vbt/T/anonymous847693339443767058webdriver-profile/extensions/fxdriver@googlecode.com/components/command-processor.js:12666)
	at <anonymous class>.DelayedCommand.prototype.execute/<(file:///var/folders/04/404xtqgs6bl2lhw8c66myxc8py0vbt/T/anonymous847693339443767058webdriver-profile/extensions/fxdriver@googlecode.com/components/command-processor.js:12608)

Oct 04, 2016 10:23:06 AM com.sebuilder.interpreter.SeInterpreter main
INFO: /Users/raghav/Desktop/Tools/SeleniumBuilder/SeBuilderDataDrivenTest/Test1.json failed
java.lang.RuntimeException: {"negated":false,"text":"${username}","type":"SetElementText","locator":{"type":"id","value":"user_login"}} failed.
	at com.sebuilder.interpreter.TestRun.next(TestRun.java:154)
	at com.sebuilder.interpreter.TestRun.finish(TestRun.java:196)
	at com.sebuilder.interpreter.SeInterpreter.main(SeInterpreter.java:101)
Caused by: org.openqa.selenium.NoSuchElementException: Unable to locate element: {"method":"id","selector":"user_login"}
Command duration or timeout: 14 milliseconds
For documentation on this error, please visit: http://seleniumhq.org/exceptions/no_such_element.html
Build info: version: '2.53.0', revision: '35ae25b', time: '2016-03-15 16:57:40'
System info: host: 'MBFIN026.local', ip: '192.168.100.43', os.name: 'Mac OS X', os.arch: 'x86_64', os.version: '10.11.4', java.version: '1.8.0_101'
Driver info: org.openqa.selenium.firefox.FirefoxDriver
Capabilities [{applicationCacheEnabled=true, rotatable=false, handlesAlerts=true, databaseEnabled=true, version=39.0, platform=MAC, nativeEvents=false, acceptSslCerts=true, webStorageEnabled=true, locationContextEnabled=true, browserName=firefox, takesScreenshot=true, javascriptEnabled=true, cssSelectorsEnabled=true}]
Session ID: 920d52cc-ae90-144e-84b7-4064f12189ab
*** Element info: {Using=id, value=user_login}
	at sun.reflect.NativeConstructorAccessorImpl.newInstance0(Native Method)
	at sun.reflect.NativeConstructorAccessorImpl.newInstance(NativeConstructorAccessorImpl.java:62)
	at sun.reflect.DelegatingConstructorAccessorImpl.newInstance(DelegatingConstructorAccessorImpl.java:45)
	at java.lang.reflect.Constructor.newInstance(Constructor.java:423)
	at org.openqa.selenium.remote.ErrorHandler.createThrowable(ErrorHandler.java:206)
	at org.openqa.selenium.remote.ErrorHandler.throwIfResponseFailed(ErrorHandler.java:158)
	at org.openqa.selenium.remote.RemoteWebDriver.execute(RemoteWebDriver.java:678)
	at org.openqa.selenium.remote.RemoteWebDriver.findElement(RemoteWebDriver.java:363)
	at org.openqa.selenium.remote.RemoteWebDriver.findElementById(RemoteWebDriver.java:413)
	at com.sebuilder.interpreter.Locator$Type$1.find(Locator.java:75)
	at com.sebuilder.interpreter.Locator.find(Locator.java:48)
	at com.sebuilder.interpreter.steptype.SetElementText.run(SetElementText.java:26)
	at com.sebuilder.interpreter.TestRun.next(TestRun.java:152)
	... 2 more
Caused by: org.openqa.selenium.NoSuchElementException: Unable to locate element: {"method":"id","selector":"user_login"}
For documentation on this error, please visit: http://seleniumhq.org/exceptions/no_such_element.html
Build info: version: '2.53.0', revision: '35ae25b', time: '2016-03-15 16:57:40'
System info: host: 'MBFIN026.local', ip: '192.168.100.43', os.name: 'Mac OS X', os.arch: 'x86_64', os.version: '10.11.4', java.version: '1.8.0_101'
Driver info: driver.version: unknown
	at <anonymous class>.FirefoxDriver.prototype.findElementInternal_(file:///var/folders/04/404xtqgs6bl2lhw8c66myxc8py0vbt/T/anonymous9130013874218034732webdriver-profile/extensions/fxdriver@googlecode.com/components/driver-component.js:10770)
	at <anonymous class>.FirefoxDriver.prototype.findElement(file:///var/folders/04/404xtqgs6bl2lhw8c66myxc8py0vbt/T/anonymous9130013874218034732webdriver-profile/extensions/fxdriver@googlecode.com/components/driver-component.js:10779)
	at <anonymous class>.DelayedCommand.prototype.executeInternal_/h(file:///var/folders/04/404xtqgs6bl2lhw8c66myxc8py0vbt/T/anonymous9130013874218034732webdriver-profile/extensions/fxdriver@googlecode.com/components/command-processor.js:12661)
	at <anonymous class>.DelayedCommand.prototype.executeInternal_(file:///var/folders/04/404xtqgs6bl2lhw8c66myxc8py0vbt/T/anonymous9130013874218034732webdriver-profile/extensions/fxdriver@googlecode.com/components/command-processor.js:12666)
	at <anonymous class>.DelayedCommand.prototype.execute/<(file:///var/folders/04/404xtqgs6bl2lhw8c66myxc8py0vbt/T/anonymous9130013874218034732webdriver-profile/extensions/fxdriver@googlecode.com/components/command-processor.js:12608)

Oct 04, 2016 10:23:12 AM com.sebuilder.interpreter.SeInterpreter main
INFO: /Users/raghav/Desktop/Tools/SeleniumBuilder/SeBuilderDataDrivenTest/Test1.json failed
java.lang.RuntimeException: {"negated":false,"text":"${username}","type":"SetElementText","locator":{"type":"id","value":"user_login"}} failed.
	at com.sebuilder.interpreter.TestRun.next(TestRun.java:154)
	at com.sebuilder.interpreter.TestRun.finish(TestRun.java:196)
	at com.sebuilder.interpreter.SeInterpreter.main(SeInterpreter.java:101)
Caused by: org.openqa.selenium.NoSuchElementException: Unable to locate element: {"method":"id","selector":"user_login"}
Command duration or timeout: 97 milliseconds
For documentation on this error, please visit: http://seleniumhq.org/exceptions/no_such_element.html
Build info: version: '2.53.0', revision: '35ae25b', time: '2016-03-15 16:57:40'
System info: host: 'MBFIN026.local', ip: '192.168.100.43', os.name: 'Mac OS X', os.arch: 'x86_64', os.version: '10.11.4', java.version: '1.8.0_101'
Driver info: org.openqa.selenium.firefox.FirefoxDriver
Capabilities [{applicationCacheEnabled=true, rotatable=false, handlesAlerts=true, databaseEnabled=true, version=39.0, platform=MAC, nativeEvents=false, acceptSslCerts=true, webStorageEnabled=true, locationContextEnabled=true, browserName=firefox, takesScreenshot=true, javascriptEnabled=true, cssSelectorsEnabled=true}]
Session ID: 51aeba7c-558f-bf48-8f6c-ef7b920fe24c
*** Element info: {Using=id, value=user_login}
	at sun.reflect.NativeConstructorAccessorImpl.newInstance0(Native Method)
	at sun.reflect.NativeConstructorAccessorImpl.newInstance(NativeConstructorAccessorImpl.java:62)
	at sun.reflect.DelegatingConstructorAccessorImpl.newInstance(DelegatingConstructorAccessorImpl.java:45)
	at java.lang.reflect.Constructor.newInstance(Constructor.java:423)
	at org.openqa.selenium.remote.ErrorHandler.createThrowable(ErrorHandler.java:206)
	at org.openqa.selenium.remote.ErrorHandler.throwIfResponseFailed(ErrorHandler.java:158)
	at org.openqa.selenium.remote.RemoteWebDriver.execute(RemoteWebDriver.java:678)
	at org.openqa.selenium.remote.RemoteWebDriver.findElement(RemoteWebDriver.java:363)
	at org.openqa.selenium.remote.RemoteWebDriver.findElementById(RemoteWebDriver.java:413)
	at com.sebuilder.interpreter.Locator$Type$1.find(Locator.java:75)
	at com.sebuilder.interpreter.Locator.find(Locator.java:48)
	at com.sebuilder.interpreter.steptype.SetElementText.run(SetElementText.java:26)
	at com.sebuilder.interpreter.TestRun.next(TestRun.java:152)
	... 2 more
Caused by: org.openqa.selenium.NoSuchElementException: Unable to locate element: {"method":"id","selector":"user_login"}
For documentation on this error, please visit: http://seleniumhq.org/exceptions/no_such_element.html
Build info: version: '2.53.0', revision: '35ae25b', time: '2016-03-15 16:57:40'
System info: host: 'MBFIN026.local', ip: '192.168.100.43', os.name: 'Mac OS X', os.arch: 'x86_64', os.version: '10.11.4', java.version: '1.8.0_101'
Driver info: driver.version: unknown
	at <anonymous class>.FirefoxDriver.prototype.findElementInternal_(file:///var/folders/04/404xtqgs6bl2lhw8c66myxc8py0vbt/T/anonymous841715138944121968webdriver-profile/extensions/fxdriver@googlecode.com/components/driver-component.js:10770)
	at <anonymous class>.FirefoxDriver.prototype.findElement(file:///var/folders/04/404xtqgs6bl2lhw8c66myxc8py0vbt/T/anonymous841715138944121968webdriver-profile/extensions/fxdriver@googlecode.com/components/driver-component.js:10779)
	at <anonymous class>.DelayedCommand.prototype.executeInternal_/h(file:///var/folders/04/404xtqgs6bl2lhw8c66myxc8py0vbt/T/anonymous841715138944121968webdriver-profile/extensions/fxdriver@googlecode.com/components/command-processor.js:12661)
	at <anonymous class>.DelayedCommand.prototype.executeInternal_(file:///var/folders/04/404xtqgs6bl2lhw8c66myxc8py0vbt/T/anonymous841715138944121968webdriver-profile/extensions/fxdriver@googlecode.com/components/command-processor.js:12666)
	at <anonymous class>.DelayedCommand.prototype.execute/<(file:///var/folders/04/404xtqgs6bl2lhw8c66myxc8py0vbt/T/anonymous841715138944121968webdriver-profile/extensions/fxdriver@googlecode.com/components/command-processor.js:12608)

Oct 04, 2016 10:23:38 AM com.sebuilder.interpreter.SeInterpreter main
INFO: /Users/raghav/Desktop/Tools/SeleniumBuilder/SeBuilderDataDrivenTest/Test1.json failed
java.lang.RuntimeException: {"negated":false,"text":"${username}","type":"SetElementText","locator":{"type":"id","value":"user_login"}} failed.
	at com.sebuilder.interpreter.TestRun.next(TestRun.java:154)
	at com.sebuilder.interpreter.TestRun.finish(TestRun.java:196)
	at com.sebuilder.interpreter.SeInterpreter.main(SeInterpreter.java:101)
Caused by: org.openqa.selenium.NoSuchElementException: Unable to locate element: {"method":"id","selector":"user_login"}
Command duration or timeout: 30 milliseconds
For documentation on this error, please visit: http://seleniumhq.org/exceptions/no_such_element.html
Build info: version: '2.53.0', revision: '35ae25b', time: '2016-03-15 16:57:40'
System info: host: 'MBFIN026.local', ip: '192.168.100.43', os.name: 'Mac OS X', os.arch: 'x86_64', os.version: '10.11.4', java.version: '1.8.0_101'
Driver info: org.openqa.selenium.firefox.FirefoxDriver
Capabilities [{applicationCacheEnabled=true, rotatable=false, handlesAlerts=true, databaseEnabled=true, version=39.0, platform=MAC, nativeEvents=false, acceptSslCerts=true, webStorageEnabled=true, locationContextEnabled=true, browserName=firefox, takesScreenshot=true, javascriptEnabled=true, cssSelectorsEnabled=true}]
Session ID: 58e4c00d-722d-ee41-a982-26add4a7d0fd
*** Element info: {Using=id, value=user_login}
	at sun.reflect.NativeConstructorAccessorImpl.newInstance0(Native Method)
	at sun.reflect.NativeConstructorAccessorImpl.newInstance(NativeConstructorAccessorImpl.java:62)
	at sun.reflect.DelegatingConstructorAccessorImpl.newInstance(DelegatingConstructorAccessorImpl.java:45)
	at java.lang.reflect.Constructor.newInstance(Constructor.java:423)
	at org.openqa.selenium.remote.ErrorHandler.createThrowable(ErrorHandler.java:206)
	at org.openqa.selenium.remote.ErrorHandler.throwIfResponseFailed(ErrorHandler.java:158)
	at org.openqa.selenium.remote.RemoteWebDriver.execute(RemoteWebDriver.java:678)
	at org.openqa.selenium.remote.RemoteWebDriver.findElement(RemoteWebDriver.java:363)
	at org.openqa.selenium.remote.RemoteWebDriver.findElementById(RemoteWebDriver.java:413)
	at com.sebuilder.interpreter.Locator$Type$1.find(Locator.java:75)
	at com.sebuilder.interpreter.Locator.find(Locator.java:48)
	at com.sebuilder.interpreter.steptype.SetElementText.run(SetElementText.java:26)
	at com.sebuilder.interpreter.TestRun.next(TestRun.java:152)
	... 2 more
Caused by: org.openqa.selenium.NoSuchElementException: Unable to locate element: {"method":"id","selector":"user_login"}
For documentation on this error, please visit: http://seleniumhq.org/exceptions/no_such_element.html
Build info: version: '2.53.0', revision: '35ae25b', time: '2016-03-15 16:57:40'
System info: host: 'MBFIN026.local', ip: '192.168.100.43', os.name: 'Mac OS X', os.arch: 'x86_64', os.version: '10.11.4', java.version: '1.8.0_101'
Driver info: driver.version: unknown
	at <anonymous class>.FirefoxDriver.prototype.findElementInternal_(file:///var/folders/04/404xtqgs6bl2lhw8c66myxc8py0vbt/T/anonymous700658183640668998webdriver-profile/extensions/fxdriver@googlecode.com/components/driver-component.js:10770)
	at <anonymous class>.FirefoxDriver.prototype.findElement(file:///var/folders/04/404xtqgs6bl2lhw8c66myxc8py0vbt/T/anonymous700658183640668998webdriver-profile/extensions/fxdriver@googlecode.com/components/driver-component.js:10779)
	at <anonymous class>.DelayedCommand.prototype.executeInternal_/h(file:///var/folders/04/404xtqgs6bl2lhw8c66myxc8py0vbt/T/anonymous700658183640668998webdriver-profile/extensions/fxdriver@googlecode.com/components/command-processor.js:12661)
	at <anonymous class>.DelayedCommand.prototype.executeInternal_(file:///var/folders/04/404xtqgs6bl2lhw8c66myxc8py0vbt/T/anonymous700658183640668998webdriver-profile/extensions/fxdriver@googlecode.com/components/command-processor.js:12666)
	at <anonymous class>.DelayedCommand.prototype.execute/<(file:///var/folders/04/404xtqgs6bl2lhw8c66myxc8py0vbt/T/anonymous700658183640668998webdriver-profile/extensions/fxdriver@googlecode.com/components/command-processor.js:12608)

Oct 04, 2016 10:23:47 AM com.sebuilder.interpreter.SeInterpreter main
INFO: /Users/raghav/Desktop/Tools/SeleniumBuilder/SeBuilderDataDrivenTest/Test1.json failed
java.lang.RuntimeException: {"negated":false,"text":"${username}","type":"SetElementText","locator":{"type":"id","value":"user_login"}} failed.
	at com.sebuilder.interpreter.TestRun.next(TestRun.java:154)
	at com.sebuilder.interpreter.TestRun.finish(TestRun.java:196)
	at com.sebuilder.interpreter.SeInterpreter.main(SeInterpreter.java:101)
Caused by: org.openqa.selenium.NoSuchElementException: Unable to locate element: {"method":"id","selector":"user_login"}
Command duration or timeout: 27 milliseconds
For documentation on this error, please visit: http://seleniumhq.org/exceptions/no_such_element.html
Build info: version: '2.53.0', revision: '35ae25b', time: '2016-03-15 16:57:40'
System info: host: 'MBFIN026.local', ip: '192.168.100.43', os.name: 'Mac OS X', os.arch: 'x86_64', os.version: '10.11.4', java.version: '1.8.0_101'
Driver info: org.openqa.selenium.firefox.FirefoxDriver
Capabilities [{applicationCacheEnabled=true, rotatable=false, handlesAlerts=true, databaseEnabled=true, version=39.0, platform=MAC, nativeEvents=false, acceptSslCerts=true, webStorageEnabled=true, locationContextEnabled=true, browserName=firefox, takesScreenshot=true, javascriptEnabled=true, cssSelectorsEnabled=true}]
Session ID: 08b1d5d5-bdb3-4d45-b87b-fa516c8328e9
*** Element info: {Using=id, value=user_login}
	at sun.reflect.NativeConstructorAccessorImpl.newInstance0(Native Method)
	at sun.reflect.NativeConstructorAccessorImpl.newInstance(NativeConstructorAccessorImpl.java:62)
	at sun.reflect.DelegatingConstructorAccessorImpl.newInstance(DelegatingConstructorAccessorImpl.java:45)
	at java.lang.reflect.Constructor.newInstance(Constructor.java:423)
	at org.openqa.selenium.remote.ErrorHandler.createThrowable(ErrorHandler.java:206)
	at org.openqa.selenium.remote.ErrorHandler.throwIfResponseFailed(ErrorHandler.java:158)
	at org.openqa.selenium.remote.RemoteWebDriver.execute(RemoteWebDriver.java:678)
	at org.openqa.selenium.remote.RemoteWebDriver.findElement(RemoteWebDriver.java:363)
	at org.openqa.selenium.remote.RemoteWebDriver.findElementById(RemoteWebDriver.java:413)
	at com.sebuilder.interpreter.Locator$Type$1.find(Locator.java:75)
	at com.sebuilder.interpreter.Locator.find(Locator.java:48)
	at com.sebuilder.interpreter.steptype.SetElementText.run(SetElementText.java:26)
	at com.sebuilder.interpreter.TestRun.next(TestRun.java:152)
	... 2 more
Caused by: org.openqa.selenium.NoSuchElementException: Unable to locate element: {"method":"id","selector":"user_login"}
For documentation on this error, please visit: http://seleniumhq.org/exceptions/no_such_element.html
Build info: version: '2.53.0', revision: '35ae25b', time: '2016-03-15 16:57:40'
System info: host: 'MBFIN026.local', ip: '192.168.100.43', os.name: 'Mac OS X', os.arch: 'x86_64', os.version: '10.11.4', java.version: '1.8.0_101'
Driver info: driver.version: unknown
	at <anonymous class>.FirefoxDriver.prototype.findElementInternal_(file:///var/folders/04/404xtqgs6bl2lhw8c66myxc8py0vbt/T/anonymous8626288223448759803webdriver-profile/extensions/fxdriver@googlecode.com/components/driver-component.js:10770)
	at <anonymous class>.FirefoxDriver.prototype.findElement(file:///var/folders/04/404xtqgs6bl2lhw8c66myxc8py0vbt/T/anonymous8626288223448759803webdriver-profile/extensions/fxdriver@googlecode.com/components/driver-component.js:10779)
	at <anonymous class>.DelayedCommand.prototype.executeInternal_/h(file:///var/folders/04/404xtqgs6bl2lhw8c66myxc8py0vbt/T/anonymous8626288223448759803webdriver-profile/extensions/fxdriver@googlecode.com/components/command-processor.js:12661)
	at <anonymous class>.DelayedCommand.prototype.executeInternal_(file:///var/folders/04/404xtqgs6bl2lhw8c66myxc8py0vbt/T/anonymous8626288223448759803webdriver-profile/extensions/fxdriver@googlecode.com/components/command-processor.js:12666)
	at <anonymous class>.DelayedCommand.prototype.execute/<(file:///var/folders/04/404xtqgs6bl2lhw8c66myxc8py0vbt/T/anonymous8626288223448759803webdriver-profile/extensions/fxdriver@googlecode.com/components/command-processor.js:12608)

Oct 04, 2016 10:24:00 AM com.sebuilder.interpreter.SeInterpreter main
INFO: /Users/raghav/Desktop/Tools/SeleniumBuilder/SeBuilderDataDrivenTest/Test1.json failed
java.lang.RuntimeException: {"negated":false,"text":"${username}","type":"SetElementText","locator":{"type":"id","value":"user_login"}} failed.
	at com.sebuilder.interpreter.TestRun.next(TestRun.java:154)
	at com.sebuilder.interpreter.TestRun.finish(TestRun.java:196)
	at com.sebuilder.interpreter.SeInterpreter.main(SeInterpreter.java:101)
Caused by: org.openqa.selenium.NoSuchElementException: Unable to locate element: {"method":"id","selector":"user_login"}
Command duration or timeout: 28 milliseconds
For documentation on this error, please visit: http://seleniumhq.org/exceptions/no_such_element.html
Build info: version: '2.53.0', revision: '35ae25b', time: '2016-03-15 16:57:40'
System info: host: 'MBFIN026.local', ip: '192.168.100.43', os.name: 'Mac OS X', os.arch: 'x86_64', os.version: '10.11.4', java.version: '1.8.0_101'
Driver info: org.openqa.selenium.firefox.FirefoxDriver
Capabilities [{applicationCacheEnabled=true, rotatable=false, handlesAlerts=true, databaseEnabled=true, version=39.0, platform=MAC, nativeEvents=false, acceptSslCerts=true, webStorageEnabled=true, locationContextEnabled=true, browserName=firefox, takesScreenshot=true, javascriptEnabled=true, cssSelectorsEnabled=true}]
Session ID: 2cec6b4c-3655-2044-8490-5e5c17c6a910
*** Element info: {Using=id, value=user_login}
	at sun.reflect.NativeConstructorAccessorImpl.newInstance0(Native Method)
	at sun.reflect.NativeConstructorAccessorImpl.newInstance(NativeConstructorAccessorImpl.java:62)
	at sun.reflect.DelegatingConstructorAccessorImpl.newInstance(DelegatingConstructorAccessorImpl.java:45)
	at java.lang.reflect.Constructor.newInstance(Constructor.java:423)
	at org.openqa.selenium.remote.ErrorHandler.createThrowable(ErrorHandler.java:206)
	at org.openqa.selenium.remote.ErrorHandler.throwIfResponseFailed(ErrorHandler.java:158)
	at org.openqa.selenium.remote.RemoteWebDriver.execute(RemoteWebDriver.java:678)
	at org.openqa.selenium.remote.RemoteWebDriver.findElement(RemoteWebDriver.java:363)
	at org.openqa.selenium.remote.RemoteWebDriver.findElementById(RemoteWebDriver.java:413)
	at com.sebuilder.interpreter.Locator$Type$1.find(Locator.java:75)
	at com.sebuilder.interpreter.Locator.find(Locator.java:48)
	at com.sebuilder.interpreter.steptype.SetElementText.run(SetElementText.java:26)
	at com.sebuilder.interpreter.TestRun.next(TestRun.java:152)
	... 2 more
Caused by: org.openqa.selenium.NoSuchElementException: Unable to locate element: {"method":"id","selector":"user_login"}
For documentation on this error, please visit: http://seleniumhq.org/exceptions/no_such_element.html
Build info: version: '2.53.0', revision: '35ae25b', time: '2016-03-15 16:57:40'
System info: host: 'MBFIN026.local', ip: '192.168.100.43', os.name: 'Mac OS X', os.arch: 'x86_64', os.version: '10.11.4', java.version: '1.8.0_101'
Driver info: driver.version: unknown
	at <anonymous class>.FirefoxDriver.prototype.findElementInternal_(file:///var/folders/04/404xtqgs6bl2lhw8c66myxc8py0vbt/T/anonymous7966239381814868647webdriver-profile/extensions/fxdriver@googlecode.com/components/driver-component.js:10770)
	at <anonymous class>.FirefoxDriver.prototype.findElement(file:///var/folders/04/404xtqgs6bl2lhw8c66myxc8py0vbt/T/anonymous7966239381814868647webdriver-profile/extensions/fxdriver@googlecode.com/components/driver-component.js:10779)
	at <anonymous class>.DelayedCommand.prototype.executeInternal_/h(file:///var/folders/04/404xtqgs6bl2lhw8c66myxc8py0vbt/T/anonymous7966239381814868647webdriver-profile/extensions/fxdriver@googlecode.com/components/command-processor.js:12661)
	at <anonymous class>.DelayedCommand.prototype.executeInternal_(file:///var/folders/04/404xtqgs6bl2lhw8c66myxc8py0vbt/T/anonymous7966239381814868647webdriver-profile/extensions/fxdriver@googlecode.com/components/command-processor.js:12666)
	at <anonymous class>.DelayedCommand.prototype.execute/<(file:///var/folders/04/404xtqgs6bl2lhw8c66myxc8py0vbt/T/anonymous7966239381814868647webdriver-profile/extensions/fxdriver@googlecode.com/components/command-processor.js:12608)

Oct 04, 2016 10:24:10 AM com.sebuilder.interpreter.SeInterpreter main
INFO: /Users/raghav/Desktop/Tools/SeleniumBuilder/SeBuilderDataDrivenTest/Test1.json failed
java.lang.RuntimeException: {"negated":false,"text":"${username}","type":"SetElementText","locator":{"type":"id","value":"user_login"}} failed.
	at com.sebuilder.interpreter.TestRun.next(TestRun.java:154)
	at com.sebuilder.interpreter.TestRun.finish(TestRun.java:196)
	at com.sebuilder.interpreter.SeInterpreter.main(SeInterpreter.java:101)
Caused by: org.openqa.selenium.NoSuchElementException: Unable to locate element: {"method":"id","selector":"user_login"}
Command duration or timeout: 33 milliseconds
For documentation on this error, please visit: http://seleniumhq.org/exceptions/no_such_element.html
Build info: version: '2.53.0', revision: '35ae25b', time: '2016-03-15 16:57:40'
System info: host: 'MBFIN026.local', ip: '192.168.100.43', os.name: 'Mac OS X', os.arch: 'x86_64', os.version: '10.11.4', java.version: '1.8.0_101'
Driver info: org.openqa.selenium.firefox.FirefoxDriver
Capabilities [{applicationCacheEnabled=true, rotatable=false, handlesAlerts=true, databaseEnabled=true, version=39.0, platform=MAC, nativeEvents=false, acceptSslCerts=true, webStorageEnabled=true, locationContextEnabled=true, browserName=firefox, takesScreenshot=true, javascriptEnabled=true, cssSelectorsEnabled=true}]
Session ID: b1fa754d-5e25-b246-a388-a9fad6a6666a
*** Element info: {Using=id, value=user_login}
	at sun.reflect.NativeConstructorAccessorImpl.newInstance0(Native Method)
	at sun.reflect.NativeConstructorAccessorImpl.newInstance(NativeConstructorAccessorImpl.java:62)
	at sun.reflect.DelegatingConstructorAccessorImpl.newInstance(DelegatingConstructorAccessorImpl.java:45)
	at java.lang.reflect.Constructor.newInstance(Constructor.java:423)
	at org.openqa.selenium.remote.ErrorHandler.createThrowable(ErrorHandler.java:206)
	at org.openqa.selenium.remote.ErrorHandler.throwIfResponseFailed(ErrorHandler.java:158)
	at org.openqa.selenium.remote.RemoteWebDriver.execute(RemoteWebDriver.java:678)
	at org.openqa.selenium.remote.RemoteWebDriver.findElement(RemoteWebDriver.java:363)
	at org.openqa.selenium.remote.RemoteWebDriver.findElementById(RemoteWebDriver.java:413)
	at com.sebuilder.interpreter.Locator$Type$1.find(Locator.java:75)
	at com.sebuilder.interpreter.Locator.find(Locator.java:48)
	at com.sebuilder.interpreter.steptype.SetElementText.run(SetElementText.java:26)
	at com.sebuilder.interpreter.TestRun.next(TestRun.java:152)
	... 2 more
Caused by: org.openqa.selenium.NoSuchElementException: Unable to locate element: {"method":"id","selector":"user_login"}
For documentation on this error, please visit: http://seleniumhq.org/exceptions/no_such_element.html
Build info: version: '2.53.0', revision: '35ae25b', time: '2016-03-15 16:57:40'
System info: host: 'MBFIN026.local', ip: '192.168.100.43', os.name: 'Mac OS X', os.arch: 'x86_64', os.version: '10.11.4', java.version: '1.8.0_101'
Driver info: driver.version: unknown
	at <anonymous class>.FirefoxDriver.prototype.findElementInternal_(file:///var/folders/04/404xtqgs6bl2lhw8c66myxc8py0vbt/T/anonymous8569216476475054819webdriver-profile/extensions/fxdriver@googlecode.com/components/driver-component.js:10770)
	at <anonymous class>.FirefoxDriver.prototype.findElement(file:///var/folders/04/404xtqgs6bl2lhw8c66myxc8py0vbt/T/anonymous8569216476475054819webdriver-profile/extensions/fxdriver@googlecode.com/components/driver-component.js:10779)
	at <anonymous class>.DelayedCommand.prototype.executeInternal_/h(file:///var/folders/04/404xtqgs6bl2lhw8c66myxc8py0vbt/T/anonymous8569216476475054819webdriver-profile/extensions/fxdriver@googlecode.com/components/command-processor.js:12661)
	at <anonymous class>.DelayedCommand.prototype.executeInternal_(file:///var/folders/04/404xtqgs6bl2lhw8c66myxc8py0vbt/T/anonymous8569216476475054819webdriver-profile/extensions/fxdriver@googlecode.com/components/command-processor.js:12666)
	at <anonymous class>.DelayedCommand.prototype.execute/<(file:///var/folders/04/404xtqgs6bl2lhw8c66myxc8py0vbt/T/anonymous8569216476475054819webdriver-profile/extensions/fxdriver@googlecode.com/components/command-processor.js:12608)

Oct 04, 2016 10:24:19 AM com.sebuilder.interpreter.SeInterpreter main
INFO: /Users/raghav/Desktop/Tools/SeleniumBuilder/SeBuilderDataDrivenTest/Test1.json failed
java.lang.RuntimeException: {"negated":false,"text":"${username}","type":"SetElementText","locator":{"type":"id","value":"user_login"}} failed.
	at com.sebuilder.interpreter.TestRun.next(TestRun.java:154)
	at com.sebuilder.interpreter.TestRun.finish(TestRun.java:196)
	at com.sebuilder.interpreter.SeInterpreter.main(SeInterpreter.java:101)
Caused by: org.openqa.selenium.NoSuchElementException: Unable to locate element: {"method":"id","selector":"user_login"}
Command duration or timeout: 20 milliseconds
For documentation on this error, please visit: http://seleniumhq.org/exceptions/no_such_element.html
Build info: version: '2.53.0', revision: '35ae25b', time: '2016-03-15 16:57:40'
System info: host: 'MBFIN026.local', ip: '192.168.100.43', os.name: 'Mac OS X', os.arch: 'x86_64', os.version: '10.11.4', java.version: '1.8.0_101'
Driver info: org.openqa.selenium.firefox.FirefoxDriver
Capabilities [{applicationCacheEnabled=true, rotatable=false, handlesAlerts=true, databaseEnabled=true, version=39.0, platform=MAC, nativeEvents=false, acceptSslCerts=true, webStorageEnabled=true, locationContextEnabled=true, browserName=firefox, takesScreenshot=true, javascriptEnabled=true, cssSelectorsEnabled=true}]
Session ID: e3bfb18e-8abe-ba49-bf9a-90313ab39efe
*** Element info: {Using=id, value=user_login}
	at sun.reflect.NativeConstructorAccessorImpl.newInstance0(Native Method)
	at sun.reflect.NativeConstructorAccessorImpl.newInstance(NativeConstructorAccessorImpl.java:62)
	at sun.reflect.DelegatingConstructorAccessorImpl.newInstance(DelegatingConstructorAccessorImpl.java:45)
	at java.lang.reflect.Constructor.newInstance(Constructor.java:423)
	at org.openqa.selenium.remote.ErrorHandler.createThrowable(ErrorHandler.java:206)
	at org.openqa.selenium.remote.ErrorHandler.throwIfResponseFailed(ErrorHandler.java:158)
	at org.openqa.selenium.remote.RemoteWebDriver.execute(RemoteWebDriver.java:678)
	at org.openqa.selenium.remote.RemoteWebDriver.findElement(RemoteWebDriver.java:363)
	at org.openqa.selenium.remote.RemoteWebDriver.findElementById(RemoteWebDriver.java:413)
	at com.sebuilder.interpreter.Locator$Type$1.find(Locator.java:75)
	at com.sebuilder.interpreter.Locator.find(Locator.java:48)
	at com.sebuilder.interpreter.steptype.SetElementText.run(SetElementText.java:26)
	at com.sebuilder.interpreter.TestRun.next(TestRun.java:152)
	... 2 more
Caused by: org.openqa.selenium.NoSuchElementException: Unable to locate element: {"method":"id","selector":"user_login"}
For documentation on this error, please visit: http://seleniumhq.org/exceptions/no_such_element.html
Build info: version: '2.53.0', revision: '35ae25b', time: '2016-03-15 16:57:40'
System info: host: 'MBFIN026.local', ip: '192.168.100.43', os.name: 'Mac OS X', os.arch: 'x86_64', os.version: '10.11.4', java.version: '1.8.0_101'
Driver info: driver.version: unknown
	at <anonymous class>.FirefoxDriver.prototype.findElementInternal_(file:///var/folders/04/404xtqgs6bl2lhw8c66myxc8py0vbt/T/anonymous1335105580321721075webdriver-profile/extensions/fxdriver@googlecode.com/components/driver-component.js:10770)
	at <anonymous class>.FirefoxDriver.prototype.findElement(file:///var/folders/04/404xtqgs6bl2lhw8c66myxc8py0vbt/T/anonymous1335105580321721075webdriver-profile/extensions/fxdriver@googlecode.com/components/driver-component.js:10779)
	at <anonymous class>.DelayedCommand.prototype.executeInternal_/h(file:///var/folders/04/404xtqgs6bl2lhw8c66myxc8py0vbt/T/anonymous1335105580321721075webdriver-profile/extensions/fxdriver@googlecode.com/components/command-processor.js:12661)
	at <anonymous class>.DelayedCommand.prototype.executeInternal_(file:///var/folders/04/404xtqgs6bl2lhw8c66myxc8py0vbt/T/anonymous1335105580321721075webdriver-profile/extensions/fxdriver@googlecode.com/components/command-processor.js:12666)
	at <anonymous class>.DelayedCommand.prototype.execute/<(file:///var/folders/04/404xtqgs6bl2lhw8c66myxc8py0vbt/T/anonymous1335105580321721075webdriver-profile/extensions/fxdriver@googlecode.com/components/command-processor.js:12608)

